\BOOKMARK [1][-]{section.1}{\376\377\000T\000h\000i\036\277\000t\000\040\000k\036\277\000\040\000b\036\331\000\040\000l\036\315\000c\000\040\000t\001\260\001\241\000n\000g\000\040\000t\036\361}{}% 1
\BOOKMARK [2][-]{subsection.1.1}{\376\377\000T\000h\000i\036\277\000t\000\040\000k\036\277\000\040\000b\036\331\000\040\000l\036\315\000c\000\040\000L\000P}{section.1}% 2
\BOOKMARK [3][-]{subsubsection.1.1.1}{\376\377\000T\000h\000i\036\277\000t\000\040\000k\036\277\000\040\000b\036\331\000\040\000l\036\315\000c\000\040\000B\000u\000t\000t\000e\000r\000w\000o\000r\000t\000h}{subsection.1.1}% 3
\BOOKMARK [3][-]{subsubsection.1.1.2}{\376\377\000T\000h\000i\036\277\000t\000\040\000k\036\277\000\040\000b\036\331\000\040\000l\036\315\000c\000\040\000C\000h\000e\000b\000y\000s\000h\000e\000v}{subsection.1.1}% 4
\BOOKMARK [2][-]{subsection.1.2}{\376\377\000T\000h\000i\036\277\000t\000\040\000k\036\277\000\040\000b\036\331\000\040\000l\036\315\000c\000\040\000B\000P}{section.1}% 5
\BOOKMARK [2][-]{subsection.1.3}{\376\377\000T\000h\000i\036\277\000t\000\040\000k\036\277\000\040\000b\036\331\000\040\000l\036\315\000c\000\040\000B\000S}{section.1}% 6
\BOOKMARK [2][-]{subsection.1.4}{\376\377\000T\000h\000i\036\277\000t\000\040\000k\036\277\000\040\000b\036\331\000\040\000l\036\315\000c\000\040\000H\000P}{section.1}% 7
\BOOKMARK [1][-]{section.2}{\376\377\000T\000h\000i\036\277\000t\000\040\000k\036\277\000\040\000b\036\331\000\040\000l\036\315\000c\000\040\000s\036\321}{}% 8
\BOOKMARK [2][-]{subsection.2.1}{\376\377\000T\000h\000i\036\277\000t\000\040\000k\036\277\000\040\000b\036\261\000n\000g\000\040\000p\000h\001\260\001\241\000n\000g\000\040\000p\000h\000\341\000p\000\040\001\021\000\341\000p\000\040\036\351\000n\000g\000\040\000x\000u\000n\000g\000\040\000b\036\245\000t\000\040\000b\000i\036\277\000n\000\040\000h\000o\036\267\000c\000\040\001\021\000\341\000p\000\040\036\351\000n\000g\000\040\000b\036\255\000c\000\040\000t\000h\000a\000n\000g}{section.2}% 9
\BOOKMARK [2][-]{subsection.2.2}{\376\377\000T\000h\000i\036\277\000t\000\040\000k\036\277\000\040\000b\036\261\000n\000g\000\040\000p\000h\001\260\001\241\000n\000g\000\040\000p\000h\000\341\000p\000\040\000s\000o\000n\000g\000\040\000t\000u\000y\036\277\000n\000\040\000t\000\355\000n\000h}{section.2}% 10
\BOOKMARK [3][-]{subsubsection.2.2.1}{\376\377\000\335\000\040\000t\001\260\036\337\000n\000g\000\040\000c\036\347\000a\000\040\000p\000h\001\260\001\241\000n\000g\000\040\000p\000h\000\341\000p\000\040\000s\000o\000n\000g\000\040\000t\000u\000y\036\277\000n\000\040\000t\000\355\000n\000h}{subsection.2.2}% 11
\BOOKMARK [3][-]{subsubsection.2.2.2}{\376\377\000T\000h\000i\036\277\000t\000\040\000k\036\277\000\040\000b\036\331\000\040\000l\036\315\000c\000\040\000L\000P}{subsection.2.2}% 12
\BOOKMARK [3][-]{subsubsection.2.2.3}{\376\377\000T\000h\000i\036\277\000t\000\040\000k\036\277\000\040\000b\036\331\000\040\000l\036\315\000c\000\040\000B\000P}{subsection.2.2}% 13
\BOOKMARK [3][-]{subsubsection.2.2.4}{\376\377\000T\000h\000i\036\277\000t\000\040\000k\036\277\000\040\000b\036\331\000\040\000l\036\315\000c\000\040\000B\000S}{subsection.2.2}% 14
\BOOKMARK [3][-]{subsubsection.2.2.5}{\376\377\000T\000h\000i\036\277\000t\000\040\000k\036\277\000\040\000b\036\331\000\040\000l\036\315\000c\000\040\000H\000P}{subsection.2.2}% 15
\BOOKMARK [1][-]{section.3}{\376\377\000B\000\340\000i\000\040\000t\036\255\000p\000\040\000\341\000p\000\040\000d\036\345\000n\000g\000\040\000\050\000t\000h\000i\036\277\000t\000\040\000k\036\277\000\040\000b\036\331\000\040\000l\036\315\000c\000\040\000L\000P\000\040\000n\000h\001\260\000\040\000g\000i\036\333\000i\000\040\000h\036\241\000n\000\040\000t\000h\000i\000\051}{}% 16
\BOOKMARK [2][-]{subsection.3.1}{\376\377\000T\000h\000i\036\277\000t\000\040\000k\036\277\000\040\000b\036\331\000\040\000l\036\315\000c\000\040\000L\000P\000\040\000B\000u\000t\000t\000e\000r\000w\000o\000r\000t\000h\000\040\000b\036\261\000n\000g\000\040\000p\000h\001\260\001\241\000n\000g\000\040\000p\000h\000\341\000p\000\040\000s\000o\000n\000g\000\040\000t\000u\000y\036\277\000n\000\040\000t\000\355\000n\000h\000\040\000v\036\333\000i\000\040\000A\000p\000<\0003\000\040\000d\000B\000\040\000v\036\333\000i\000\040\0000\000<\000F\000<\0002\0005\000\040\000H\000z\000\040\000v\000\340\000\040\000A\000p\000>\0003\0008\000d\000B\000\040\000v\036\333\000i\000\040\000F\000>\0005\0000\000H\000z\000;\000\040\000F\000s\000a\000m\000=\0002\0000\0000\000\040\000H\000z\000.}{section.3}% 17
\BOOKMARK [2][-]{subsection.3.2}{\376\377\000T\000h\000i\036\277\000t\000\040\000k\036\277\000\040\000b\036\331\000\040\000l\036\315\000c\000\040\000B\000u\000t\000t\000e\000r\000w\000o\000r\000t\000h\000\040\000s\036\321\000\040\000b\036\255\000c\000\040\0003\000\040\000v\036\333\000i\000\040\000t\036\247\000n\000\040\000s\036\321\000\040\000c\036\257\000t\000\040\000c\000=\0000\000.\0001\0005\000\040\000v\000\340\000\040\000t\036\247\000n\000\040\000s\036\321\000\040\000l\036\245\000y\000\040\000m\036\253\000u\000\040\000l\000\340\000\040\0006\000k\000H\000z}{section.3}% 18
\BOOKMARK [3][-]{subsubsection.3.2.1}{\376\377\000T\000\355\000n\000h\000\040\000H\000\050\000s\000\051\000\040\000c\036\347\000a\000\040\000b\036\331\000\040\000l\036\315\000c\000\040\000t\001\260\001\241\000n\000g\000\040\000t\036\361}{subsection.3.2}% 19
\BOOKMARK [3][-]{subsubsection.3.2.2}{\376\377\000T\000h\000i\036\277\000t\000\040\000k\036\277\000\040\000b\036\261\000n\000g\000\040\000p\000h\001\260\001\241\000n\000g\000\040\000p\000h\000\341\000p\000\040\000b\036\245\000t\000\040\000b\000i\036\277\000n\000\040\000x\000u\000n\000g}{subsection.3.2}% 20
\BOOKMARK [3][-]{subsubsection.3.2.3}{\376\377\000T\000h\000i\036\277\000t\000\040\000k\036\277\000\040\000b\036\261\000n\000g\000\040\000p\000h\001\260\001\241\000n\000g\000\040\000p\000h\000\341\000p\000\040\000s\000o\000n\000g\000\040\000t\000u\000y\036\277\000n\000\040\000t\000\355\000n\000h}{subsection.3.2}% 21
