\BOOKMARK [1][-]{section.1}{\376\377\000L\000\375\000\040\000t\000h\000u\000y\036\277\000t}{}% 1
\BOOKMARK [2][-]{subsection.1.1}{\376\377\000K\000h\000\341\000i\000\040\000n\000i\036\307\000m\000\040\000v\036\301\000\040\000S\000h\000e\000l\000l}{section.1}% 2
\BOOKMARK [2][-]{subsection.1.2}{\376\377\000C\000\341\000c\000\040\000c\000\342\000u\000\040\000l\036\307\000n\000h\000\040\000S\000h\000e\000l\000l\000\040\000c\001\241\000\040\000b\036\243\000n}{section.1}% 3
\BOOKMARK [3][-]{subsubsection.1.2.1}{\376\377\000Q\000u\036\243\000n\000\040\000l\000\375\000\040\000f\000i\000l\000e\000\040\000v\000\340\000\040\000d\000i\000r\000e\000c\000t\000o\000r\000y\000\040\000s\036\355\000\040\000d\036\345\000n\000g\000\040\000S\000h\000e\000l\000l}{subsection.1.2}% 4
\BOOKMARK [3][-]{subsubsection.1.2.2}{\376\377\000Q\000u\036\243\000n\000\040\000l\000\375\000\040\000t\000i\036\277\000n\000\040\000t\000r\000\354\000n\000h\000\040\000\050\000p\000r\000o\000c\000e\000s\000s\000\051\000\040\000v\036\333\000i\000\040\000S\000h\000e\000l\000l}{subsection.1.2}% 5
\BOOKMARK [3][-]{subsubsection.1.2.3}{\376\377\000I\000n\000t\000e\000r\000p\000r\000o\000c\000e\000s\000s\000\040\000c\000o\000m\000m\000u\000n\000i\000c\000a\000t\000i\000o\000n\000\040\000i\000n\000\040\000L\000i\000n\000u\000x\000\040\000\050\000I\000P\000C\000\051}{subsection.1.2}% 6
\BOOKMARK [2][-]{subsection.1.3}{\376\377\000G\000i\036\333\000i\000\040\000t\000h\000i\036\307\000u\000\040\000v\036\301\000\040\000S\000h\000e\000l\000l\000\040\000s\000c\000r\000i\000p\000t}{section.1}% 7
\BOOKMARK [2][-]{subsection.1.4}{\376\377\000C\036\245\000u\000\040\000t\000r\000\372\000c\000\040\000c\001\241\000\040\000b\036\243\000n\000\040\000c\036\347\000a\000\040\000S\000h\000e\000l\000l\000\040\000s\000c\000r\000i\000p\000t}{section.1}% 8
\BOOKMARK [3][-]{subsubsection.1.4.1}{\376\377\000B\000i\036\277\000n\000\040\000t\000r\000o\000n\000g\000\040\000S\000h\000e\000l\000l}{subsection.1.4}% 9
\BOOKMARK [3][-]{subsubsection.1.4.2}{\376\377\000B\000i\036\277\000n\000\040\000m\000\364\000i\000\040\000t\000r\001\260\036\335\000n\000g\000\040\000v\000\340\000\040\000b\000i\036\277\000n\000\040\000t\000h\000a\000m\000\040\000s\036\321}{subsection.1.4}% 10
\BOOKMARK [3][-]{subsubsection.1.4.3}{\376\377\000C\000\341\000c\000\040\000l\036\307\000n\000h\000\040\000s\000o\000\040\000s\000\341\000n\000h\000\040\000t\000r\000o\000n\000g\000\040\000S\000h\000e\000l\000l}{subsection.1.4}% 11
\BOOKMARK [3][-]{subsubsection.1.4.4}{\376\377\000C\000\341\000c\000\040\000p\000h\000\351\000p\000\040\000t\000\355\000n\000h\000\040\000t\000r\000o\000n\000g\000\040\000S\000h\000e\000l\000l}{subsection.1.4}% 12
\BOOKMARK [3][-]{subsubsection.1.4.5}{\376\377\000C\036\245\000u\000\040\000t\000r\000\372\000c\000\040\001\021\000i\036\301\000u\000\040\000k\000h\000i\036\303\000n\000\040\000\050\000c\000o\000n\000t\000r\000o\000l\000\040\000s\000t\000r\000u\000c\000t\000u\000r\000e\000\051}{subsection.1.4}% 13
\BOOKMARK [3][-]{subsubsection.1.4.6}{\376\377\000H\000\340\000m\000\040\000t\000r\000o\000n\000g\000\040\000S\000h\000e\000l\000l}{subsection.1.4}% 14
\BOOKMARK [1][-]{section.2}{\376\377\000T\000h\036\361\000c\000\040\000h\000\340\000n\000h}{}% 15
\BOOKMARK [2][-]{subsection.2.1}{\376\377\000Q\000u\036\243\000n\000\040\000l\000\375\000\040\000f\000i\000l\000e\000\040\000v\000\340\000\040\000d\000i\000r\000e\000c\000t\000o\000r\000y\000\040\000s\036\355\000\040\000d\036\345\000n\000g\000\040\000S\000h\000e\000l\000l}{section.2}% 16
\BOOKMARK [3][-]{subsubsection.2.1.1}{\376\377\000E\000x\000e\000r\000c\000i\000s\000e\000\040\0001\000:}{subsection.2.1}% 17
\BOOKMARK [3][-]{subsubsection.2.1.2}{\376\377\000E\000x\000e\000r\000c\000i\000s\000e\000\040\0002\000:}{subsection.2.1}% 18
\BOOKMARK [3][-]{subsubsection.2.1.3}{\376\377\000E\000x\000e\000r\000c\000i\000s\000e\000\040\0003\000:}{subsection.2.1}% 19
\BOOKMARK [3][-]{subsubsection.2.1.4}{\376\377\000E\000x\000e\000r\000c\000i\000s\000e\000\040\0004\000:}{subsection.2.1}% 20
\BOOKMARK [2][-]{subsection.2.2}{\376\377\000S\000h\000e\000l\000l\000\040\000s\000c\000r\000i\000p\000t}{section.2}% 21
\BOOKMARK [3][-]{subsubsection.2.2.1}{\376\377\000E\000x\000e\000r\000c\000i\000s\000e\000\040\0005\000:}{subsection.2.2}% 22
\BOOKMARK [3][-]{subsubsection.2.2.2}{\376\377\000E\000x\000e\000r\000c\000i\000s\000e\000\040\0006\000:}{subsection.2.2}% 23
\BOOKMARK [3][-]{subsubsection.2.2.3}{\376\377\000E\000x\000e\000r\000c\000i\000s\000e\000\040\0007\000:}{subsection.2.2}% 24
\BOOKMARK [3][-]{subsubsection.2.2.4}{\376\377\000E\000x\000e\000r\000c\000i\000s\000e\000\040\0008\000:}{subsection.2.2}% 25
