\BOOKMARK [0][-]{chapter.1}{\376\377\000V\036\255\000t\000\040\000l\000\375\000\040\000h\000i\036\307\000n\000\040\001\021\036\241\000i}{}% 1
\BOOKMARK [1][-]{section.1.1}{\376\377\000T\000h\000u\000y\036\277\000t\000\040\000t\001\260\001\241\000n\000g\000\040\001\021\036\321\000i\000\040\000v\000\340\000\040\000h\036\307\000\040\000q\000u\036\243}{chapter.1}% 2
\BOOKMARK [2][-]{subsection.1.1.1}{\376\377\000P\000h\000\351\000p\000\040\000b\000i\036\277\000n\000\040\001\021\036\325\000i\000\040\000G\000a\000l\000i\000l\000e\000o\000\040\000v\000\340\000\040\000L\000o\000r\000e\000n\000t\000z}{section.1.1}% 3
\BOOKMARK [2][-]{subsection.1.1.2}{\376\377\000H\036\307\000\040\000q\000u\036\243\000\040\000c\036\347\000a\000\040\000t\000h\000u\000y\036\277\000t\000\040\000t\001\260\001\241\000n\000g\000\040\001\021\036\321\000i}{section.1.1}% 4
\BOOKMARK [1][-]{section.1.2}{\376\377\000L\001\260\036\341\000n\000g\000\040\000t\000\355\000n\000h\000\040\000s\000\363\000n\000g\000\040\000h\036\241\000t}{chapter.1}% 5
\BOOKMARK [1][-]{section.1.3}{\376\377\000V\036\255\000n\000\040\000t\036\321\000c\000\040\000v\001\151\000\040\000t\000r\036\345}{chapter.1}% 6
\BOOKMARK [0][-]{chapter.2}{\376\377\000C\001\241\000\040\000h\036\315\000c}{}% 7
\BOOKMARK [1][-]{section.2.1}{\376\377\001\020\036\331\000n\000g\000\040\000h\036\315\000c\000\040\000c\000h\036\245\000t\000\040\001\021\000i\036\303\000m}{chapter.2}% 8
\BOOKMARK [2][-]{subsection.2.1.1}{\376\377\000C\000h\000u\000y\036\303\000n\000\040\001\021\036\331\000n\000g\000\040\000t\000h\036\263\000n\000g\000\040\001\021\036\301\000u}{section.2.1}% 9
\BOOKMARK [2][-]{subsection.2.1.2}{\376\377\000C\000h\000u\000y\036\303\000n\000\040\001\021\036\331\000n\000g\000\040\000t\000h\036\263\000n\000g\000\040\000b\000i\036\277\000n\000\040\001\021\036\325\000i\000\040\001\021\036\301\000u}{section.2.1}% 10
\BOOKMARK [2][-]{subsection.2.1.3}{\376\377\000C\000h\000u\000y\036\303\000n\000\040\001\021\036\331\000n\000g\000\040\000t\000r\000\362\000n\000\040\001\021\036\301\000u}{section.2.1}% 11
\BOOKMARK [1][-]{section.2.2}{\376\377\001\020\036\331\000n\000g\000\040\000l\036\361\000c\000\040\000h\036\315\000c\000\040\000c\000h\036\245\000t\000\040\001\021\000i\036\303\000m}{chapter.2}% 12
\BOOKMARK [2][-]{subsection.2.2.1}{\376\377\0003\000\040\001\021\036\313\000n\000h\000\040\000l\000u\036\255\000t\000\040\000N\000e\000w\000t\000o\000n}{section.2.2}% 13
\BOOKMARK [2][-]{subsection.2.2.2}{\376\377\000L\036\361\000c\000\040\000m\000a\000\040\000s\000\341\000t}{section.2.2}% 14
\BOOKMARK [2][-]{subsection.2.2.3}{\376\377\000L\036\361\000c\000\040\000t\000r\000o\000n\000g\000\040\000c\000h\000u\000y\036\303\000n\000\040\001\021\036\331\000n\000g\000\040\000t\000r\000\362\000n\000\040\001\021\036\301\000u}{section.2.2}% 15
\BOOKMARK [2][-]{subsection.2.2.4}{\376\377\000C\000\364\000n\000g\000\040\000v\000\340\000\040\000n\001\003\000n\000g\000\040\000l\001\260\036\343\000n\000g}{section.2.2}% 16
\BOOKMARK [2][-]{subsection.2.2.5}{\376\377\000V\000a\000\040\000c\000h\036\241\000m}{section.2.2}% 17
\BOOKMARK [1][-]{section.2.3}{\376\377\000D\000a\000o\000\040\001\021\036\331\000n\000g\000\040\000v\000\340\000\040\000s\000\363\000n\000g\000\040\000c\001\241}{chapter.2}% 18
\BOOKMARK [2][-]{subsection.2.3.1}{\376\377\000D\000a\000o\000\040\001\021\036\331\000n\000g}{section.2.3}% 19
\BOOKMARK [2][-]{subsection.2.3.2}{\376\377\000S\000\363\000n\000g}{section.2.3}% 20
\BOOKMARK [0][-]{chapter.3}{\376\377\000N\000h\000i\036\307\000t\000\040\000h\036\315\000c}{}% 21
\BOOKMARK [1][-]{section.3.1}{\376\377\000N\000h\000i\036\307\000t\000\040\001\021\036\331}{chapter.3}% 22
\BOOKMARK [1][-]{section.3.2}{\376\377\000N\000g\000u\000y\000\352\000n\000\040\000l\000\375\000\040\0001\000\040\000n\000h\000i\036\307\000t\000\040\001\021\036\331\000n\000g\000\040\000l\036\361\000c\000\040\000h\036\315\000c}{chapter.3}% 23
\BOOKMARK [2][-]{subsection.3.2.1}{\376\377\000K\000h\000\341\000i\000\040\000n\000i\036\307\000m\000\040\000m\036\337\000\040\001\021\036\247\000u}{section.3.2}% 24
\BOOKMARK [2][-]{subsection.3.2.2}{\376\377\000N\000g\000u\000y\000\352\000n\000\040\000l\000\375\000\040\0001\000\040\000c\036\347\000a\000\040\000n\000h\000i\036\307\000t\000\040\001\021\036\331\000n\000g\000\040\000l\036\361\000c\000\040\000h\036\315\000c}{section.3.2}% 25
\BOOKMARK [2][-]{subsection.3.2.3}{\376\377\000\301\000p\000\040\000d\036\345\000n\000g\000\040\000n\000g\000u\000y\000\352\000n\000\040\000l\000\375\000\040\0001\000\040\000c\000h\000o\000\040\000m\036\331\000t\000\040\000s\036\321\000\040\000q\000u\000\341\000\040\000t\000r\000\354\000n\000h\000\040\001\021\036\267\000c\000\040\000b\000i\036\307\000t}{section.3.2}% 26
\BOOKMARK [1][-]{section.3.3}{\376\377\000N\000g\000u\000y\000\352\000n\000\040\000l\000\375\000\040\0002\000\040\000n\000h\000i\036\307\000t\000\040\001\021\036\331\000n\000g\000\040\000l\036\361\000c\000\040\000h\036\315\000c}{chapter.3}% 27
\BOOKMARK [1][-]{section.3.4}{\376\377\000C\000h\000u\000\040\000t\000r\000\354\000n\000h\000\040\000C\000a\000r\000n\000o\000t}{chapter.3}% 28
