\BOOKMARK [0][-]{chapter.1}{\376\377\000G\000i\036\333\000i\000\040\000h\036\241\000n}{}% 1
\BOOKMARK [1][-]{section.1.1}{\376\377\000G\000i\036\333\000i\000\040\000h\036\241\000n\000\040\000d\000\343\000y\000\040\000s\036\321}{chapter.1}% 2
\BOOKMARK [2][-]{subsection.1.1.1}{\376\377\000L\000\375\000\040\000t\000h\000u\000y\036\277\000t}{section.1.1}% 3
\BOOKMARK [2][-]{subsection.1.1.2}{\376\377\000B\000\340\000i\000\040\000t\036\255\000p}{section.1.1}% 4
\BOOKMARK [1][-]{section.1.2}{\376\377\000G\000i\036\333\000i\000\040\000h\036\241\000n\000\040\000h\000\340\000m\000\040\000s\036\321}{chapter.1}% 5
\BOOKMARK [2][-]{subsection.1.2.1}{\376\377\000L\000\375\000\040\000t\000h\000u\000y\036\277\000t}{section.1.2}% 6
\BOOKMARK [2][-]{subsection.1.2.2}{\376\377\000B\000\340\000i\000\040\000t\036\255\000p}{section.1.2}% 7
\BOOKMARK [0][-]{chapter.2}{\376\377\000L\000i\000\352\000n\000\040\000t\036\345\000c}{}% 8
\BOOKMARK [1][-]{section.2.1}{\376\377\000L\000\375\000\040\000t\000h\000u\000y\036\277\000t}{chapter.2}% 9
\BOOKMARK [2][-]{subsection.2.1.1}{\376\377\001\020\036\313\000n\000h\000\040\000n\000g\000h\001\051\000a\000\040\000h\000\340\000m\000\040\000s\036\321\000\040\000l\000i\000\352\000n\000\040\000t\036\345\000c}{section.2.1}% 10
\BOOKMARK [2][-]{subsection.2.1.2}{\376\377\000P\000h\000\342\000n\000\040\000l\000o\036\241\000i\000\040\000c\000\341\000c\000\040\001\021\000i\036\303\000m\000\040\000g\000i\000\341\000n\000\040\001\021\000o\036\241\000n}{section.2.1}% 11
\BOOKMARK [1][-]{section.2.2}{\376\377\000B\000\340\000i\000\040\000t\036\255\000p}{chapter.2}% 12
\BOOKMARK [0][-]{chapter.3}{\376\377\001\020\036\241\000o\000\040\000h\000\340\000m\000\040\000v\000\340\000\040\036\351\000n\000g\000\040\000d\036\345\000n\000g}{}% 13
\BOOKMARK [1][-]{section.3.1}{\376\377\000K\000h\000\341\000i\000\040\000n\000i\036\307\000m\000\040\001\021\036\241\000o\000\040\000h\000\340\000m}{chapter.3}% 14
\BOOKMARK [2][-]{subsection.3.1.1}{\376\377\000L\000\375\000\040\000t\000h\000u\000y\036\277\000t}{section.3.1}% 15
\BOOKMARK [2][-]{subsection.3.1.2}{\376\377\000B\000\340\000i\000\040\000t\036\255\000p}{section.3.1}% 16
\BOOKMARK [1][-]{section.3.2}{\376\377\000C\000\364\000n\000g\000\040\000t\000h\036\351\000c\000\040\001\021\036\241\000o\000\040\000h\000\340\000m\000\040\000c\001\241\000\040\000b\036\243\000n}{chapter.3}% 17
\BOOKMARK [2][-]{subsection.3.2.1}{\376\377\000L\000\375\000\040\000t\000h\000u\000y\036\277\000t}{section.3.2}% 18
\BOOKMARK [2][-]{subsection.3.2.2}{\376\377\000B\000\340\000i\000\040\000t\036\255\000p}{section.3.2}% 19
\BOOKMARK [1][-]{section.3.3}{\376\377\001\020\036\241\000o\000\040\000h\000\340\000m\000\040\000c\036\245\000p\000\040\000c\000a\000o}{chapter.3}% 20
\BOOKMARK [2][-]{subsection.3.3.1}{\376\377\000L\000\375\000\040\000t\000h\000u\000y\036\277\000t}{section.3.3}% 21
\BOOKMARK [2][-]{subsection.3.3.2}{\376\377\000B\000\340\000i\000\040\000t\036\255\000p}{section.3.3}% 22
\BOOKMARK [1][-]{section.3.4}{\376\377\000K\000h\000a\000i\000\040\000t\000r\000i\036\303\000n\000\040\000T\000a\000y\000l\000o\000r\000\040\000v\000\340\000\040\000M\000a\000c\000l\000a\000u\000r\000i\000n}{chapter.3}% 23
\BOOKMARK [2][-]{subsection.3.4.1}{\376\377\000L\000\375\000\040\000t\000h\000u\000y\036\277\000t}{section.3.4}% 24
\BOOKMARK [2][-]{subsection.3.4.2}{\376\377\000B\000\340\000i\000\040\000t\036\255\000p\000\040\000s\036\355\000\040\000d\036\345\000n\000g\000\040\000k\000h\000a\000i\000\040\000t\000r\000i\036\303\000n\000\040\000T\000a\000y\000l\000o\000r}{section.3.4}% 25
\BOOKMARK [2][-]{subsection.3.4.3}{\376\377\000B\000\340\000i\000\040\000t\036\255\000p\000\040\000s\036\355\000\040\000d\036\345\000n\000g\000\040\000k\000h\000a\000i\000\040\000t\000r\000i\036\303\000n\000\040\000M\000a\000c\000l\000a\000u\000r\000i\000n}{section.3.4}% 26
\BOOKMARK [1][-]{section.3.5}{\376\377\036\350\000n\000g\000\040\000d\036\345\000n\000g\000\040\000c\036\347\000a\000\040\001\021\036\241\000o\000\040\000h\000\340\000m\000\040\000t\000r\000o\000n\000g\000\040\000m\036\331\000t\000\040\000s\036\321\000\040\000b\000\340\000i\000\040\000t\000o\000\341\000n}{chapter.3}% 27
