INFO:  latexindent version 3.20.1, 2023-01-07, a script to indent .tex files
       latexindent lives here: /usr/share/texlive/texmf-dist/scripts/latexindent/
       Thu Sep 18 00:18:22 2025
       Filename: chapter5.tex
INFO:  Processing switches:
       -s|--silent: Silent mode active (you have used either -s or --silent)
       -w|--overwrite: Overwrite mode active, will make a back up before overwriting
       -y|--yaml: YAML settings specified via command line
       -m|--modifylinebreaks: modify line breaks
INFO:  Directory for backup files and indent.log:
       .
INFO:  YAML settings read: defaultSettings.yaml
       Reading defaultSettings.yaml from /usr/share/texlive/texmf-dist/scripts/latexindent/defaultSettings.yaml
INFO:  YAML reading settings
       Home directory is /home/Chiaki
       latexindent.pl didn't find indentconfig.yaml or .indentconfig.yaml
       see all possible locations: https://latexindentpl.readthedocs.io/en/latest/sec-appendices.html#indentconfig-options)
INFO:  -l switch used without filename, will search for the following files in turn:
       localSettings.yaml,latexindent.yaml,.localSettings.yaml,.latexindent.yaml
INFO:  YAML settings read: -l switch
       Multiple localSettings found, separated by commas:
       localSettings.yaml, latexindent.yaml, .localSettings.yaml, .latexindent.yaml
WARN:  yaml file not found: localSettings.yaml not found. Proceeding without it.
WARN:  yaml file not found: latexindent.yaml not found. Proceeding without it.
WARN:  yaml file not found: .localSettings.yaml not found. Proceeding without it.
WARN:  yaml file not found: .latexindent.yaml not found. Proceeding without it.
INFO:  YAML settings read: -y switch
       YAML setting: backup:0
       Updating mainSettings with backup: 0
INFO:  Backup procedure (-w flag active):
       ./chapter5.bak0 already exists, incrementing by 1... (see maxNumberOfBackUps and onlyOneBackUp)
       ./chapter5.bak1 already exists, incrementing by 1... (see maxNumberOfBackUps and onlyOneBackUp)
       ./chapter5.bak2 already exists, incrementing by 1... (see maxNumberOfBackUps and onlyOneBackUp)
       ./chapter5.bak3 already exists, incrementing by 1... (see maxNumberOfBackUps and onlyOneBackUp)
       ./chapter5.bak4 already exists, incrementing by 1... (see maxNumberOfBackUps and onlyOneBackUp)
       ./chapter5.bak5 already exists, incrementing by 1... (see maxNumberOfBackUps and onlyOneBackUp)
       ./chapter5.bak6 already exists, incrementing by 1... (see maxNumberOfBackUps and onlyOneBackUp)
       ./chapter5.bak7 already exists, incrementing by 1... (see maxNumberOfBackUps and onlyOneBackUp)
       ./chapter5.bak8 already exists, incrementing by 1... (see maxNumberOfBackUps and onlyOneBackUp)
       ./chapter5.bak9 already exists, incrementing by 1... (see maxNumberOfBackUps and onlyOneBackUp)
       ./chapter5.bak10 already exists, incrementing by 1... (see maxNumberOfBackUps and onlyOneBackUp)
       ./chapter5.bak11 already exists, incrementing by 1... (see maxNumberOfBackUps and onlyOneBackUp)
       ./chapter5.bak12 already exists, incrementing by 1... (see maxNumberOfBackUps and onlyOneBackUp)
       ./chapter5.bak13 already exists, incrementing by 1... (see maxNumberOfBackUps and onlyOneBackUp)
       ./chapter5.bak14 already exists, incrementing by 1... (see maxNumberOfBackUps and onlyOneBackUp)
       ./chapter5.bak15 already exists, incrementing by 1... (see maxNumberOfBackUps and onlyOneBackUp)
       ./chapter5.bak16 already exists, incrementing by 1... (see maxNumberOfBackUps and onlyOneBackUp)
       ./chapter5.bak17 already exists, incrementing by 1... (see maxNumberOfBackUps and onlyOneBackUp)
       ./chapter5.bak18 already exists, incrementing by 1... (see maxNumberOfBackUps and onlyOneBackUp)
       ./chapter5.bak19 already exists, incrementing by 1... (see maxNumberOfBackUps and onlyOneBackUp)
       ./chapter5.bak20 already exists, incrementing by 1... (see maxNumberOfBackUps and onlyOneBackUp)
       ./chapter5.bak21 already exists, incrementing by 1... (see maxNumberOfBackUps and onlyOneBackUp)
       ./chapter5.bak22 already exists, incrementing by 1... (see maxNumberOfBackUps and onlyOneBackUp)
       ./chapter5.bak23 already exists, incrementing by 1... (see maxNumberOfBackUps and onlyOneBackUp)
       ./chapter5.bak24 already exists, incrementing by 1... (see maxNumberOfBackUps and onlyOneBackUp)
       ./chapter5.bak25 already exists, incrementing by 1... (see maxNumberOfBackUps and onlyOneBackUp)
       ./chapter5.bak26 already exists, incrementing by 1... (see maxNumberOfBackUps and onlyOneBackUp)
       ./chapter5.bak27 already exists, incrementing by 1... (see maxNumberOfBackUps and onlyOneBackUp)
       ./chapter5.bak28 already exists, incrementing by 1... (see maxNumberOfBackUps and onlyOneBackUp)
       ./chapter5.bak29 already exists, incrementing by 1... (see maxNumberOfBackUps and onlyOneBackUp)
       ./chapter5.bak30 already exists, incrementing by 1... (see maxNumberOfBackUps and onlyOneBackUp)
       ./chapter5.bak31 already exists, incrementing by 1... (see maxNumberOfBackUps and onlyOneBackUp)
       ./chapter5.bak32 already exists, incrementing by 1... (see maxNumberOfBackUps and onlyOneBackUp)
       ./chapter5.bak33 already exists, incrementing by 1... (see maxNumberOfBackUps and onlyOneBackUp)
       ./chapter5.bak34 already exists, incrementing by 1... (see maxNumberOfBackUps and onlyOneBackUp)
       ./chapter5.bak35 already exists, incrementing by 1... (see maxNumberOfBackUps and onlyOneBackUp)
       ./chapter5.bak36 already exists, incrementing by 1... (see maxNumberOfBackUps and onlyOneBackUp)
       ./chapter5.bak37 already exists, incrementing by 1... (see maxNumberOfBackUps and onlyOneBackUp)
       ./chapter5.bak38 already exists, incrementing by 1... (see maxNumberOfBackUps and onlyOneBackUp)
       ./chapter5.bak39 already exists, incrementing by 1... (see maxNumberOfBackUps and onlyOneBackUp)
       ./chapter5.bak40 already exists, incrementing by 1... (see maxNumberOfBackUps and onlyOneBackUp)
       ./chapter5.bak41 already exists, incrementing by 1... (see maxNumberOfBackUps and onlyOneBackUp)
       ./chapter5.bak42 already exists, incrementing by 1... (see maxNumberOfBackUps and onlyOneBackUp)
       ./chapter5.bak43 already exists, incrementing by 1... (see maxNumberOfBackUps and onlyOneBackUp)
       ./chapter5.bak44 already exists, incrementing by 1... (see maxNumberOfBackUps and onlyOneBackUp)
       ./chapter5.bak45 already exists, incrementing by 1... (see maxNumberOfBackUps and onlyOneBackUp)
       ./chapter5.bak46 already exists, incrementing by 1... (see maxNumberOfBackUps and onlyOneBackUp)
       ./chapter5.bak47 already exists, incrementing by 1... (see maxNumberOfBackUps and onlyOneBackUp)
       ./chapter5.bak48 already exists, incrementing by 1... (see maxNumberOfBackUps and onlyOneBackUp)
       ./chapter5.bak49 already exists, incrementing by 1... (see maxNumberOfBackUps and onlyOneBackUp)
       ./chapter5.bak50 already exists, incrementing by 1... (see maxNumberOfBackUps and onlyOneBackUp)
       ./chapter5.bak51 already exists, incrementing by 1... (see maxNumberOfBackUps and onlyOneBackUp)
       ./chapter5.bak52 already exists, incrementing by 1... (see maxNumberOfBackUps and onlyOneBackUp)
       ./chapter5.bak53 already exists, incrementing by 1... (see maxNumberOfBackUps and onlyOneBackUp)
       ./chapter5.bak54 already exists, incrementing by 1... (see maxNumberOfBackUps and onlyOneBackUp)
       ./chapter5.bak55 already exists, incrementing by 1... (see maxNumberOfBackUps and onlyOneBackUp)
       ./chapter5.bak56 already exists, incrementing by 1... (see maxNumberOfBackUps and onlyOneBackUp)
       ./chapter5.bak57 already exists, incrementing by 1... (see maxNumberOfBackUps and onlyOneBackUp)
       ./chapter5.bak58 already exists, incrementing by 1... (see maxNumberOfBackUps and onlyOneBackUp)
       ./chapter5.bak59 already exists, incrementing by 1... (see maxNumberOfBackUps and onlyOneBackUp)
       ./chapter5.bak60 already exists, incrementing by 1... (see maxNumberOfBackUps and onlyOneBackUp)
       ./chapter5.bak61 already exists, incrementing by 1... (see maxNumberOfBackUps and onlyOneBackUp)
       ./chapter5.bak62 already exists, incrementing by 1... (see maxNumberOfBackUps and onlyOneBackUp)
       ./chapter5.bak63 already exists, incrementing by 1... (see maxNumberOfBackUps and onlyOneBackUp)
       ./chapter5.bak64 already exists, incrementing by 1... (see maxNumberOfBackUps and onlyOneBackUp)
       ./chapter5.bak65 already exists, incrementing by 1... (see maxNumberOfBackUps and onlyOneBackUp)
       ./chapter5.bak66 already exists, incrementing by 1... (see maxNumberOfBackUps and onlyOneBackUp)
       ./chapter5.bak67 already exists, incrementing by 1... (see maxNumberOfBackUps and onlyOneBackUp)
       ./chapter5.bak68 already exists, incrementing by 1... (see maxNumberOfBackUps and onlyOneBackUp)
       ./chapter5.bak69 already exists, incrementing by 1... (see maxNumberOfBackUps and onlyOneBackUp)
       ./chapter5.bak70 already exists, incrementing by 1... (see maxNumberOfBackUps and onlyOneBackUp)
       ./chapter5.bak71 already exists, incrementing by 1... (see maxNumberOfBackUps and onlyOneBackUp)
       ./chapter5.bak72 already exists, incrementing by 1... (see maxNumberOfBackUps and onlyOneBackUp)
       ./chapter5.bak73 already exists, incrementing by 1... (see maxNumberOfBackUps and onlyOneBackUp)
       ./chapter5.bak74 already exists, incrementing by 1... (see maxNumberOfBackUps and onlyOneBackUp)
       ./chapter5.bak75 already exists, incrementing by 1... (see maxNumberOfBackUps and onlyOneBackUp)
       ./chapter5.bak76 already exists, incrementing by 1... (see maxNumberOfBackUps and onlyOneBackUp)
       ./chapter5.bak77 already exists, incrementing by 1... (see maxNumberOfBackUps and onlyOneBackUp)
       ./chapter5.bak78 already exists, incrementing by 1... (see maxNumberOfBackUps and onlyOneBackUp)
       ./chapter5.bak79 already exists, incrementing by 1... (see maxNumberOfBackUps and onlyOneBackUp)
       ./chapter5.bak80 already exists, incrementing by 1... (see maxNumberOfBackUps and onlyOneBackUp)
       ./chapter5.bak81 already exists, incrementing by 1... (see maxNumberOfBackUps and onlyOneBackUp)
       ./chapter5.bak82 already exists, incrementing by 1... (see maxNumberOfBackUps and onlyOneBackUp)
       ./chapter5.bak83 already exists, incrementing by 1... (see maxNumberOfBackUps and onlyOneBackUp)
       ./chapter5.bak84 already exists, incrementing by 1... (see maxNumberOfBackUps and onlyOneBackUp)
       ./chapter5.bak85 already exists, incrementing by 1... (see maxNumberOfBackUps and onlyOneBackUp)
       ./chapter5.bak86 already exists, incrementing by 1... (see maxNumberOfBackUps and onlyOneBackUp)
       ./chapter5.bak87 already exists, incrementing by 1... (see maxNumberOfBackUps and onlyOneBackUp)
       ./chapter5.bak88 already exists, incrementing by 1... (see maxNumberOfBackUps and onlyOneBackUp)
       ./chapter5.bak89 already exists, incrementing by 1... (see maxNumberOfBackUps and onlyOneBackUp)
       ./chapter5.bak90 already exists, incrementing by 1... (see maxNumberOfBackUps and onlyOneBackUp)
       ./chapter5.bak91 already exists, incrementing by 1... (see maxNumberOfBackUps and onlyOneBackUp)
       ./chapter5.bak92 already exists, incrementing by 1... (see maxNumberOfBackUps and onlyOneBackUp)
       ./chapter5.bak93 already exists, incrementing by 1... (see maxNumberOfBackUps and onlyOneBackUp)
       ./chapter5.bak94 already exists, incrementing by 1... (see maxNumberOfBackUps and onlyOneBackUp)
       ./chapter5.bak95 already exists, incrementing by 1... (see maxNumberOfBackUps and onlyOneBackUp)
       ./chapter5.bak96 already exists, incrementing by 1... (see maxNumberOfBackUps and onlyOneBackUp)
       ./chapter5.bak97 already exists, incrementing by 1... (see maxNumberOfBackUps and onlyOneBackUp)
       ./chapter5.bak98 already exists, incrementing by 1... (see maxNumberOfBackUps and onlyOneBackUp)
       ./chapter5.bak99 already exists, incrementing by 1... (see maxNumberOfBackUps and onlyOneBackUp)
       ./chapter5.bak100 already exists, incrementing by 1... (see maxNumberOfBackUps and onlyOneBackUp)
       ./chapter5.bak101 already exists, incrementing by 1... (see maxNumberOfBackUps and onlyOneBackUp)
       ./chapter5.bak102 already exists, incrementing by 1... (see maxNumberOfBackUps and onlyOneBackUp)
       ./chapter5.bak103 already exists, incrementing by 1... (see maxNumberOfBackUps and onlyOneBackUp)
       ./chapter5.bak104 already exists, incrementing by 1... (see maxNumberOfBackUps and onlyOneBackUp)
       ./chapter5.bak105 already exists, incrementing by 1... (see maxNumberOfBackUps and onlyOneBackUp)
       ./chapter5.bak106 already exists, incrementing by 1... (see maxNumberOfBackUps and onlyOneBackUp)
       ./chapter5.bak107 already exists, incrementing by 1... (see maxNumberOfBackUps and onlyOneBackUp)
       ./chapter5.bak108 already exists, incrementing by 1... (see maxNumberOfBackUps and onlyOneBackUp)
       ./chapter5.bak109 already exists, incrementing by 1... (see maxNumberOfBackUps and onlyOneBackUp)
       ./chapter5.bak110 already exists, incrementing by 1... (see maxNumberOfBackUps and onlyOneBackUp)
       ./chapter5.bak111 already exists, incrementing by 1... (see maxNumberOfBackUps and onlyOneBackUp)
       ./chapter5.bak112 already exists, incrementing by 1... (see maxNumberOfBackUps and onlyOneBackUp)
       ./chapter5.bak113 already exists, incrementing by 1... (see maxNumberOfBackUps and onlyOneBackUp)
       ./chapter5.bak114 already exists, incrementing by 1... (see maxNumberOfBackUps and onlyOneBackUp)
       ./chapter5.bak115 already exists, incrementing by 1... (see maxNumberOfBackUps and onlyOneBackUp)
       ./chapter5.bak116 already exists, incrementing by 1... (see maxNumberOfBackUps and onlyOneBackUp)
       ./chapter5.bak117 already exists, incrementing by 1... (see maxNumberOfBackUps and onlyOneBackUp)
       ./chapter5.bak118 already exists, incrementing by 1... (see maxNumberOfBackUps and onlyOneBackUp)
       ./chapter5.bak119 already exists, incrementing by 1... (see maxNumberOfBackUps and onlyOneBackUp)
       ./chapter5.bak120 already exists, incrementing by 1... (see maxNumberOfBackUps and onlyOneBackUp)
       ./chapter5.bak121 already exists, incrementing by 1... (see maxNumberOfBackUps and onlyOneBackUp)
       ./chapter5.bak122 already exists, incrementing by 1... (see maxNumberOfBackUps and onlyOneBackUp)
       ./chapter5.bak123 already exists, incrementing by 1... (see maxNumberOfBackUps and onlyOneBackUp)
       ./chapter5.bak124 already exists, incrementing by 1... (see maxNumberOfBackUps and onlyOneBackUp)
       ./chapter5.bak125 already exists, incrementing by 1... (see maxNumberOfBackUps and onlyOneBackUp)
       ./chapter5.bak126 already exists, incrementing by 1... (see maxNumberOfBackUps and onlyOneBackUp)
       ./chapter5.bak127 already exists, incrementing by 1... (see maxNumberOfBackUps and onlyOneBackUp)
       ./chapter5.bak128 already exists, incrementing by 1... (see maxNumberOfBackUps and onlyOneBackUp)
       ./chapter5.bak129 already exists, incrementing by 1... (see maxNumberOfBackUps and onlyOneBackUp)
       ./chapter5.bak130 already exists, incrementing by 1... (see maxNumberOfBackUps and onlyOneBackUp)
       ./chapter5.bak131 already exists, incrementing by 1... (see maxNumberOfBackUps and onlyOneBackUp)
       ./chapter5.bak132 already exists, incrementing by 1... (see maxNumberOfBackUps and onlyOneBackUp)
       ./chapter5.bak133 already exists, incrementing by 1... (see maxNumberOfBackUps and onlyOneBackUp)
       ./chapter5.bak134 already exists, incrementing by 1... (see maxNumberOfBackUps and onlyOneBackUp)
       ./chapter5.bak135 already exists, incrementing by 1... (see maxNumberOfBackUps and onlyOneBackUp)
       ./chapter5.bak136 already exists, incrementing by 1... (see maxNumberOfBackUps and onlyOneBackUp)
       ./chapter5.bak137 already exists, incrementing by 1... (see maxNumberOfBackUps and onlyOneBackUp)
       ./chapter5.bak138 already exists, incrementing by 1... (see maxNumberOfBackUps and onlyOneBackUp)
       ./chapter5.bak139 already exists, incrementing by 1... (see maxNumberOfBackUps and onlyOneBackUp)
       ./chapter5.bak140 already exists, incrementing by 1... (see maxNumberOfBackUps and onlyOneBackUp)
       ./chapter5.bak141 already exists, incrementing by 1... (see maxNumberOfBackUps and onlyOneBackUp)
       ./chapter5.bak142 already exists, incrementing by 1... (see maxNumberOfBackUps and onlyOneBackUp)
       ./chapter5.bak143 already exists, incrementing by 1... (see maxNumberOfBackUps and onlyOneBackUp)
       ./chapter5.bak144 already exists, incrementing by 1... (see maxNumberOfBackUps and onlyOneBackUp)
       ./chapter5.bak145 already exists, incrementing by 1... (see maxNumberOfBackUps and onlyOneBackUp)
       ./chapter5.bak146 already exists, incrementing by 1... (see maxNumberOfBackUps and onlyOneBackUp)
       ./chapter5.bak147 already exists, incrementing by 1... (see maxNumberOfBackUps and onlyOneBackUp)
       ./chapter5.bak148 already exists, incrementing by 1... (see maxNumberOfBackUps and onlyOneBackUp)
       ./chapter5.bak149 already exists, incrementing by 1... (see maxNumberOfBackUps and onlyOneBackUp)
       ./chapter5.bak150 already exists, incrementing by 1... (see maxNumberOfBackUps and onlyOneBackUp)
       ./chapter5.bak151 already exists, incrementing by 1... (see maxNumberOfBackUps and onlyOneBackUp)
       ./chapter5.bak152 already exists, incrementing by 1... (see maxNumberOfBackUps and onlyOneBackUp)
       ./chapter5.bak153 already exists, incrementing by 1... (see maxNumberOfBackUps and onlyOneBackUp)
       ./chapter5.bak154 already exists, incrementing by 1... (see maxNumberOfBackUps and onlyOneBackUp)
       ./chapter5.bak155 already exists, incrementing by 1... (see maxNumberOfBackUps and onlyOneBackUp)
       ./chapter5.bak156 already exists, incrementing by 1... (see maxNumberOfBackUps and onlyOneBackUp)
       ./chapter5.bak157 already exists, incrementing by 1... (see maxNumberOfBackUps and onlyOneBackUp)
       ./chapter5.bak158 already exists, incrementing by 1... (see maxNumberOfBackUps and onlyOneBackUp)
       ./chapter5.bak159 already exists, incrementing by 1... (see maxNumberOfBackUps and onlyOneBackUp)
       ./chapter5.bak160 already exists, incrementing by 1... (see maxNumberOfBackUps and onlyOneBackUp)
       ./chapter5.bak161 already exists, incrementing by 1... (see maxNumberOfBackUps and onlyOneBackUp)
       ./chapter5.bak162 already exists, incrementing by 1... (see maxNumberOfBackUps and onlyOneBackUp)
       ./chapter5.bak163 already exists, incrementing by 1... (see maxNumberOfBackUps and onlyOneBackUp)
       ./chapter5.bak164 already exists, incrementing by 1... (see maxNumberOfBackUps and onlyOneBackUp)
       ./chapter5.bak165 already exists, incrementing by 1... (see maxNumberOfBackUps and onlyOneBackUp)
       ./chapter5.bak166 already exists, incrementing by 1... (see maxNumberOfBackUps and onlyOneBackUp)
       ./chapter5.bak167 already exists, incrementing by 1... (see maxNumberOfBackUps and onlyOneBackUp)
       ./chapter5.bak168 already exists, incrementing by 1... (see maxNumberOfBackUps and onlyOneBackUp)
       ./chapter5.bak169 already exists, incrementing by 1... (see maxNumberOfBackUps and onlyOneBackUp)
       ./chapter5.bak170 already exists, incrementing by 1... (see maxNumberOfBackUps and onlyOneBackUp)
       ./chapter5.bak171 already exists, incrementing by 1... (see maxNumberOfBackUps and onlyOneBackUp)
       ./chapter5.bak172 already exists, incrementing by 1... (see maxNumberOfBackUps and onlyOneBackUp)
       ./chapter5.bak173 already exists, incrementing by 1... (see maxNumberOfBackUps and onlyOneBackUp)
       ./chapter5.bak174 already exists, incrementing by 1... (see maxNumberOfBackUps and onlyOneBackUp)
       ./chapter5.bak175 already exists, incrementing by 1... (see maxNumberOfBackUps and onlyOneBackUp)
       ./chapter5.bak176 already exists, incrementing by 1... (see maxNumberOfBackUps and onlyOneBackUp)
       ./chapter5.bak177 already exists, incrementing by 1... (see maxNumberOfBackUps and onlyOneBackUp)
       ./chapter5.bak178 already exists, incrementing by 1... (see maxNumberOfBackUps and onlyOneBackUp)
       ./chapter5.bak179 already exists, incrementing by 1... (see maxNumberOfBackUps and onlyOneBackUp)
       ./chapter5.bak180 already exists, incrementing by 1... (see maxNumberOfBackUps and onlyOneBackUp)
       ./chapter5.bak181 already exists, incrementing by 1... (see maxNumberOfBackUps and onlyOneBackUp)
       ./chapter5.bak182 already exists, incrementing by 1... (see maxNumberOfBackUps and onlyOneBackUp)
       ./chapter5.bak183 already exists, incrementing by 1... (see maxNumberOfBackUps and onlyOneBackUp)
       ./chapter5.bak184 already exists, incrementing by 1... (see maxNumberOfBackUps and onlyOneBackUp)
       ./chapter5.bak185 already exists, incrementing by 1... (see maxNumberOfBackUps and onlyOneBackUp)
       ./chapter5.bak186 already exists, incrementing by 1... (see maxNumberOfBackUps and onlyOneBackUp)
       ./chapter5.bak187 already exists, incrementing by 1... (see maxNumberOfBackUps and onlyOneBackUp)
       ./chapter5.bak188 already exists, incrementing by 1... (see maxNumberOfBackUps and onlyOneBackUp)
       ./chapter5.bak189 already exists, incrementing by 1... (see maxNumberOfBackUps and onlyOneBackUp)
       ./chapter5.bak190 already exists, incrementing by 1... (see maxNumberOfBackUps and onlyOneBackUp)
       ./chapter5.bak191 already exists, incrementing by 1... (see maxNumberOfBackUps and onlyOneBackUp)
       ./chapter5.bak192 already exists, incrementing by 1... (see maxNumberOfBackUps and onlyOneBackUp)
       ./chapter5.bak193 already exists, incrementing by 1... (see maxNumberOfBackUps and onlyOneBackUp)
       ./chapter5.bak194 already exists, incrementing by 1... (see maxNumberOfBackUps and onlyOneBackUp)
       ./chapter5.bak195 already exists, incrementing by 1... (see maxNumberOfBackUps and onlyOneBackUp)
       ./chapter5.bak196 already exists, incrementing by 1... (see maxNumberOfBackUps and onlyOneBackUp)
       ./chapter5.bak197 already exists, incrementing by 1... (see maxNumberOfBackUps and onlyOneBackUp)
       ./chapter5.bak198 already exists, incrementing by 1... (see maxNumberOfBackUps and onlyOneBackUp)
       ./chapter5.bak199 already exists, incrementing by 1... (see maxNumberOfBackUps and onlyOneBackUp)
       ./chapter5.bak200 already exists, incrementing by 1... (see maxNumberOfBackUps and onlyOneBackUp)
       ./chapter5.bak201 already exists, incrementing by 1... (see maxNumberOfBackUps and onlyOneBackUp)
       ./chapter5.bak202 already exists, incrementing by 1... (see maxNumberOfBackUps and onlyOneBackUp)
       ./chapter5.bak203 already exists, incrementing by 1... (see maxNumberOfBackUps and onlyOneBackUp)
       ./chapter5.bak204 already exists, incrementing by 1... (see maxNumberOfBackUps and onlyOneBackUp)
       ./chapter5.bak205 already exists, incrementing by 1... (see maxNumberOfBackUps and onlyOneBackUp)
       ./chapter5.bak206 already exists, incrementing by 1... (see maxNumberOfBackUps and onlyOneBackUp)
       ./chapter5.bak207 already exists, incrementing by 1... (see maxNumberOfBackUps and onlyOneBackUp)
       ./chapter5.bak208 already exists, incrementing by 1... (see maxNumberOfBackUps and onlyOneBackUp)
       ./chapter5.bak209 already exists, incrementing by 1... (see maxNumberOfBackUps and onlyOneBackUp)
       ./chapter5.bak210 already exists, incrementing by 1... (see maxNumberOfBackUps and onlyOneBackUp)
       ./chapter5.bak211 already exists, incrementing by 1... (see maxNumberOfBackUps and onlyOneBackUp)
       ./chapter5.bak212 already exists, incrementing by 1... (see maxNumberOfBackUps and onlyOneBackUp)
       ./chapter5.bak213 already exists, incrementing by 1... (see maxNumberOfBackUps and onlyOneBackUp)
       ./chapter5.bak214 already exists, incrementing by 1... (see maxNumberOfBackUps and onlyOneBackUp)
       ./chapter5.bak215 already exists, incrementing by 1... (see maxNumberOfBackUps and onlyOneBackUp)
       ./chapter5.bak216 already exists, incrementing by 1... (see maxNumberOfBackUps and onlyOneBackUp)
       ./chapter5.bak217 already exists, incrementing by 1... (see maxNumberOfBackUps and onlyOneBackUp)
       ./chapter5.bak218 already exists, incrementing by 1... (see maxNumberOfBackUps and onlyOneBackUp)
       ./chapter5.bak219 already exists, incrementing by 1... (see maxNumberOfBackUps and onlyOneBackUp)
       ./chapter5.bak220 already exists, incrementing by 1... (see maxNumberOfBackUps and onlyOneBackUp)
       ./chapter5.bak221 already exists, incrementing by 1... (see maxNumberOfBackUps and onlyOneBackUp)
       ./chapter5.bak222 already exists, incrementing by 1... (see maxNumberOfBackUps and onlyOneBackUp)
       ./chapter5.bak223 already exists, incrementing by 1... (see maxNumberOfBackUps and onlyOneBackUp)
       ./chapter5.bak224 already exists, incrementing by 1... (see maxNumberOfBackUps and onlyOneBackUp)
       ./chapter5.bak225 already exists, incrementing by 1... (see maxNumberOfBackUps and onlyOneBackUp)
       ./chapter5.bak226 already exists, incrementing by 1... (see maxNumberOfBackUps and onlyOneBackUp)
       ./chapter5.bak227 already exists, incrementing by 1... (see maxNumberOfBackUps and onlyOneBackUp)
       ./chapter5.bak228 already exists, incrementing by 1... (see maxNumberOfBackUps and onlyOneBackUp)
       ./chapter5.bak229 already exists, incrementing by 1... (see maxNumberOfBackUps and onlyOneBackUp)
       ./chapter5.bak230 already exists, incrementing by 1... (see maxNumberOfBackUps and onlyOneBackUp)
       ./chapter5.bak231 already exists, incrementing by 1... (see maxNumberOfBackUps and onlyOneBackUp)
       ./chapter5.bak232 already exists, incrementing by 1... (see maxNumberOfBackUps and onlyOneBackUp)
       ./chapter5.bak233 already exists, incrementing by 1... (see maxNumberOfBackUps and onlyOneBackUp)
       ./chapter5.bak234 already exists, incrementing by 1... (see maxNumberOfBackUps and onlyOneBackUp)
       ./chapter5.bak235 already exists, incrementing by 1... (see maxNumberOfBackUps and onlyOneBackUp)
       ./chapter5.bak236 already exists, incrementing by 1... (see maxNumberOfBackUps and onlyOneBackUp)
       ./chapter5.bak237 already exists, incrementing by 1... (see maxNumberOfBackUps and onlyOneBackUp)
       ./chapter5.bak238 already exists, incrementing by 1... (see maxNumberOfBackUps and onlyOneBackUp)
       ./chapter5.bak239 already exists, incrementing by 1... (see maxNumberOfBackUps and onlyOneBackUp)
       ./chapter5.bak240 already exists, incrementing by 1... (see maxNumberOfBackUps and onlyOneBackUp)
       ./chapter5.bak241 already exists, incrementing by 1... (see maxNumberOfBackUps and onlyOneBackUp)
       ./chapter5.bak242 already exists, incrementing by 1... (see maxNumberOfBackUps and onlyOneBackUp)
       ./chapter5.bak243 already exists, incrementing by 1... (see maxNumberOfBackUps and onlyOneBackUp)
       ./chapter5.bak244 already exists, incrementing by 1... (see maxNumberOfBackUps and onlyOneBackUp)
       ./chapter5.bak245 already exists, incrementing by 1... (see maxNumberOfBackUps and onlyOneBackUp)
       ./chapter5.bak246 already exists, incrementing by 1... (see maxNumberOfBackUps and onlyOneBackUp)
       ./chapter5.bak247 already exists, incrementing by 1... (see maxNumberOfBackUps and onlyOneBackUp)
       ./chapter5.bak248 already exists, incrementing by 1... (see maxNumberOfBackUps and onlyOneBackUp)
       ./chapter5.bak249 already exists, incrementing by 1... (see maxNumberOfBackUps and onlyOneBackUp)
       ./chapter5.bak250 already exists, incrementing by 1... (see maxNumberOfBackUps and onlyOneBackUp)
       ./chapter5.bak251 already exists, incrementing by 1... (see maxNumberOfBackUps and onlyOneBackUp)
       ./chapter5.bak252 already exists, incrementing by 1... (see maxNumberOfBackUps and onlyOneBackUp)
       ./chapter5.bak253 already exists, incrementing by 1... (see maxNumberOfBackUps and onlyOneBackUp)
       ./chapter5.bak254 already exists, incrementing by 1... (see maxNumberOfBackUps and onlyOneBackUp)
       ./chapter5.bak255 already exists, incrementing by 1... (see maxNumberOfBackUps and onlyOneBackUp)
       ./chapter5.bak256 already exists, incrementing by 1... (see maxNumberOfBackUps and onlyOneBackUp)
       ./chapter5.bak257 already exists, incrementing by 1... (see maxNumberOfBackUps and onlyOneBackUp)
       ./chapter5.bak258 already exists, incrementing by 1... (see maxNumberOfBackUps and onlyOneBackUp)
       ./chapter5.bak259 already exists, incrementing by 1... (see maxNumberOfBackUps and onlyOneBackUp)
       ./chapter5.bak260 already exists, incrementing by 1... (see maxNumberOfBackUps and onlyOneBackUp)
       ./chapter5.bak261 already exists, incrementing by 1... (see maxNumberOfBackUps and onlyOneBackUp)
       ./chapter5.bak262 already exists, incrementing by 1... (see maxNumberOfBackUps and onlyOneBackUp)
       ./chapter5.bak263 already exists, incrementing by 1... (see maxNumberOfBackUps and onlyOneBackUp)
       ./chapter5.bak264 already exists, incrementing by 1... (see maxNumberOfBackUps and onlyOneBackUp)
       ./chapter5.bak265 already exists, incrementing by 1... (see maxNumberOfBackUps and onlyOneBackUp)
       ./chapter5.bak266 already exists, incrementing by 1... (see maxNumberOfBackUps and onlyOneBackUp)
       ./chapter5.bak267 already exists, incrementing by 1... (see maxNumberOfBackUps and onlyOneBackUp)
       ./chapter5.bak268 already exists, incrementing by 1... (see maxNumberOfBackUps and onlyOneBackUp)
       ./chapter5.bak269 already exists, incrementing by 1... (see maxNumberOfBackUps and onlyOneBackUp)
       ./chapter5.bak270 already exists, incrementing by 1... (see maxNumberOfBackUps and onlyOneBackUp)
       ./chapter5.bak271 already exists, incrementing by 1... (see maxNumberOfBackUps and onlyOneBackUp)
       ./chapter5.bak272 already exists, incrementing by 1... (see maxNumberOfBackUps and onlyOneBackUp)
       ./chapter5.bak273 already exists, incrementing by 1... (see maxNumberOfBackUps and onlyOneBackUp)
       ./chapter5.bak274 already exists, incrementing by 1... (see maxNumberOfBackUps and onlyOneBackUp)
       ./chapter5.bak275 already exists, incrementing by 1... (see maxNumberOfBackUps and onlyOneBackUp)
       ./chapter5.bak276 already exists, incrementing by 1... (see maxNumberOfBackUps and onlyOneBackUp)
       ./chapter5.bak277 already exists, incrementing by 1... (see maxNumberOfBackUps and onlyOneBackUp)
       ./chapter5.bak278 already exists, incrementing by 1... (see maxNumberOfBackUps and onlyOneBackUp)
       ./chapter5.bak279 already exists, incrementing by 1... (see maxNumberOfBackUps and onlyOneBackUp)
       ./chapter5.bak280 already exists, incrementing by 1... (see maxNumberOfBackUps and onlyOneBackUp)
       ./chapter5.bak281 already exists, incrementing by 1... (see maxNumberOfBackUps and onlyOneBackUp)
       ./chapter5.bak282 already exists, incrementing by 1... (see maxNumberOfBackUps and onlyOneBackUp)
       ./chapter5.bak283 already exists, incrementing by 1... (see maxNumberOfBackUps and onlyOneBackUp)
       ./chapter5.bak284 already exists, incrementing by 1... (see maxNumberOfBackUps and onlyOneBackUp)
       ./chapter5.bak285 already exists, incrementing by 1... (see maxNumberOfBackUps and onlyOneBackUp)
       ./chapter5.bak286 already exists, incrementing by 1... (see maxNumberOfBackUps and onlyOneBackUp)
       ./chapter5.bak287 already exists, incrementing by 1... (see maxNumberOfBackUps and onlyOneBackUp)
       ./chapter5.bak288 already exists, incrementing by 1... (see maxNumberOfBackUps and onlyOneBackUp)
       ./chapter5.bak289 already exists, incrementing by 1... (see maxNumberOfBackUps and onlyOneBackUp)
       ./chapter5.bak290 already exists, incrementing by 1... (see maxNumberOfBackUps and onlyOneBackUp)
       ./chapter5.bak291 already exists, incrementing by 1... (see maxNumberOfBackUps and onlyOneBackUp)
       ./chapter5.bak292 already exists, incrementing by 1... (see maxNumberOfBackUps and onlyOneBackUp)
       ./chapter5.bak293 already exists, incrementing by 1... (see maxNumberOfBackUps and onlyOneBackUp)
       ./chapter5.bak294 already exists, incrementing by 1... (see maxNumberOfBackUps and onlyOneBackUp)
       ./chapter5.bak295 already exists, incrementing by 1... (see maxNumberOfBackUps and onlyOneBackUp)
       ./chapter5.bak296 already exists, incrementing by 1... (see maxNumberOfBackUps and onlyOneBackUp)
       ./chapter5.bak297 already exists, incrementing by 1... (see maxNumberOfBackUps and onlyOneBackUp)
       ./chapter5.bak298 already exists, incrementing by 1... (see maxNumberOfBackUps and onlyOneBackUp)
       ./chapter5.bak299 already exists, incrementing by 1... (see maxNumberOfBackUps and onlyOneBackUp)
       ./chapter5.bak300 already exists, incrementing by 1... (see maxNumberOfBackUps and onlyOneBackUp)
       ./chapter5.bak301 already exists, incrementing by 1... (see maxNumberOfBackUps and onlyOneBackUp)
       ./chapter5.bak302 already exists, incrementing by 1... (see maxNumberOfBackUps and onlyOneBackUp)
       ./chapter5.bak303 already exists, incrementing by 1... (see maxNumberOfBackUps and onlyOneBackUp)
       ./chapter5.bak304 already exists, incrementing by 1... (see maxNumberOfBackUps and onlyOneBackUp)
       ./chapter5.bak305 already exists, incrementing by 1... (see maxNumberOfBackUps and onlyOneBackUp)
       ./chapter5.bak306 already exists, incrementing by 1... (see maxNumberOfBackUps and onlyOneBackUp)
       ./chapter5.bak307 already exists, incrementing by 1... (see maxNumberOfBackUps and onlyOneBackUp)
       ./chapter5.bak308 already exists, incrementing by 1... (see maxNumberOfBackUps and onlyOneBackUp)
       ./chapter5.bak309 already exists, incrementing by 1... (see maxNumberOfBackUps and onlyOneBackUp)
       ./chapter5.bak310 already exists, incrementing by 1... (see maxNumberOfBackUps and onlyOneBackUp)
       ./chapter5.bak311 already exists, incrementing by 1... (see maxNumberOfBackUps and onlyOneBackUp)
       ./chapter5.bak312 already exists, incrementing by 1... (see maxNumberOfBackUps and onlyOneBackUp)
       ./chapter5.bak313 already exists, incrementing by 1... (see maxNumberOfBackUps and onlyOneBackUp)
       ./chapter5.bak314 already exists, incrementing by 1... (see maxNumberOfBackUps and onlyOneBackUp)
       ./chapter5.bak315 already exists, incrementing by 1... (see maxNumberOfBackUps and onlyOneBackUp)
       ./chapter5.bak316 already exists, incrementing by 1... (see maxNumberOfBackUps and onlyOneBackUp)
       ./chapter5.bak317 already exists, incrementing by 1... (see maxNumberOfBackUps and onlyOneBackUp)
       ./chapter5.bak318 already exists, incrementing by 1... (see maxNumberOfBackUps and onlyOneBackUp)
       ./chapter5.bak319 already exists, incrementing by 1... (see maxNumberOfBackUps and onlyOneBackUp)
       ./chapter5.bak320 already exists, incrementing by 1... (see maxNumberOfBackUps and onlyOneBackUp)
       ./chapter5.bak321 already exists, incrementing by 1... (see maxNumberOfBackUps and onlyOneBackUp)
       ./chapter5.bak322 already exists, incrementing by 1... (see maxNumberOfBackUps and onlyOneBackUp)
       ./chapter5.bak323 already exists, incrementing by 1... (see maxNumberOfBackUps and onlyOneBackUp)
       ./chapter5.bak324 already exists, incrementing by 1... (see maxNumberOfBackUps and onlyOneBackUp)
       ./chapter5.bak325 already exists, incrementing by 1... (see maxNumberOfBackUps and onlyOneBackUp)
       ./chapter5.bak326 already exists, incrementing by 1... (see maxNumberOfBackUps and onlyOneBackUp)
       ./chapter5.bak327 already exists, incrementing by 1... (see maxNumberOfBackUps and onlyOneBackUp)
       ./chapter5.bak328 already exists, incrementing by 1... (see maxNumberOfBackUps and onlyOneBackUp)
       ./chapter5.bak329 already exists, incrementing by 1... (see maxNumberOfBackUps and onlyOneBackUp)
       ./chapter5.bak330 already exists, incrementing by 1... (see maxNumberOfBackUps and onlyOneBackUp)
       ./chapter5.bak331 already exists, incrementing by 1... (see maxNumberOfBackUps and onlyOneBackUp)
       ./chapter5.bak332 already exists, incrementing by 1... (see maxNumberOfBackUps and onlyOneBackUp)
       ./chapter5.bak333 already exists, incrementing by 1... (see maxNumberOfBackUps and onlyOneBackUp)
       ./chapter5.bak334 already exists, incrementing by 1... (see maxNumberOfBackUps and onlyOneBackUp)
       ./chapter5.bak335 already exists, incrementing by 1... (see maxNumberOfBackUps and onlyOneBackUp)
       ./chapter5.bak336 already exists, incrementing by 1... (see maxNumberOfBackUps and onlyOneBackUp)
       ./chapter5.bak337 already exists, incrementing by 1... (see maxNumberOfBackUps and onlyOneBackUp)
       ./chapter5.bak338 already exists, incrementing by 1... (see maxNumberOfBackUps and onlyOneBackUp)
       ./chapter5.bak339 already exists, incrementing by 1... (see maxNumberOfBackUps and onlyOneBackUp)
       ./chapter5.bak340 already exists, incrementing by 1... (see maxNumberOfBackUps and onlyOneBackUp)
       ./chapter5.bak341 already exists, incrementing by 1... (see maxNumberOfBackUps and onlyOneBackUp)
       ./chapter5.bak342 already exists, incrementing by 1... (see maxNumberOfBackUps and onlyOneBackUp)
       ./chapter5.bak343 already exists, incrementing by 1... (see maxNumberOfBackUps and onlyOneBackUp)
       ./chapter5.bak344 already exists, incrementing by 1... (see maxNumberOfBackUps and onlyOneBackUp)
       ./chapter5.bak345 already exists, incrementing by 1... (see maxNumberOfBackUps and onlyOneBackUp)
       ./chapter5.bak346 already exists, incrementing by 1... (see maxNumberOfBackUps and onlyOneBackUp)
       ./chapter5.bak347 already exists, incrementing by 1... (see maxNumberOfBackUps and onlyOneBackUp)
       ./chapter5.bak348 already exists, incrementing by 1... (see maxNumberOfBackUps and onlyOneBackUp)
       ./chapter5.bak349 already exists, incrementing by 1... (see maxNumberOfBackUps and onlyOneBackUp)
       ./chapter5.bak350 already exists, incrementing by 1... (see maxNumberOfBackUps and onlyOneBackUp)
       ./chapter5.bak351 already exists, incrementing by 1... (see maxNumberOfBackUps and onlyOneBackUp)
       ./chapter5.bak352 already exists, incrementing by 1... (see maxNumberOfBackUps and onlyOneBackUp)
       ./chapter5.bak353 already exists, incrementing by 1... (see maxNumberOfBackUps and onlyOneBackUp)
       ./chapter5.bak354 already exists, incrementing by 1... (see maxNumberOfBackUps and onlyOneBackUp)
       ./chapter5.bak355 already exists, incrementing by 1... (see maxNumberOfBackUps and onlyOneBackUp)
       ./chapter5.bak356 already exists, incrementing by 1... (see maxNumberOfBackUps and onlyOneBackUp)
       ./chapter5.bak357 already exists, incrementing by 1... (see maxNumberOfBackUps and onlyOneBackUp)
       ./chapter5.bak358 already exists, incrementing by 1... (see maxNumberOfBackUps and onlyOneBackUp)
       ./chapter5.bak359 already exists, incrementing by 1... (see maxNumberOfBackUps and onlyOneBackUp)
       ./chapter5.bak360 already exists, incrementing by 1... (see maxNumberOfBackUps and onlyOneBackUp)
       ./chapter5.bak361 already exists, incrementing by 1... (see maxNumberOfBackUps and onlyOneBackUp)
       ./chapter5.bak362 already exists, incrementing by 1... (see maxNumberOfBackUps and onlyOneBackUp)
       ./chapter5.bak363 already exists, incrementing by 1... (see maxNumberOfBackUps and onlyOneBackUp)
       ./chapter5.bak364 already exists, incrementing by 1... (see maxNumberOfBackUps and onlyOneBackUp)
       ./chapter5.bak365 already exists, incrementing by 1... (see maxNumberOfBackUps and onlyOneBackUp)
       ./chapter5.bak366 already exists, incrementing by 1... (see maxNumberOfBackUps and onlyOneBackUp)
       ./chapter5.bak367 already exists, incrementing by 1... (see maxNumberOfBackUps and onlyOneBackUp)
       ./chapter5.bak368 already exists, incrementing by 1... (see maxNumberOfBackUps and onlyOneBackUp)
       ./chapter5.bak369 already exists, incrementing by 1... (see maxNumberOfBackUps and onlyOneBackUp)
       ./chapter5.bak370 already exists, incrementing by 1... (see maxNumberOfBackUps and onlyOneBackUp)
       ./chapter5.bak371 already exists, incrementing by 1... (see maxNumberOfBackUps and onlyOneBackUp)
       ./chapter5.bak372 already exists, incrementing by 1... (see maxNumberOfBackUps and onlyOneBackUp)
       ./chapter5.bak373 already exists, incrementing by 1... (see maxNumberOfBackUps and onlyOneBackUp)
       ./chapter5.bak374 already exists, incrementing by 1... (see maxNumberOfBackUps and onlyOneBackUp)
       ./chapter5.bak375 already exists, incrementing by 1... (see maxNumberOfBackUps and onlyOneBackUp)
       ./chapter5.bak376 already exists, incrementing by 1... (see maxNumberOfBackUps and onlyOneBackUp)
       ./chapter5.bak377 already exists, incrementing by 1... (see maxNumberOfBackUps and onlyOneBackUp)
       ./chapter5.bak378 already exists, incrementing by 1... (see maxNumberOfBackUps and onlyOneBackUp)
       ./chapter5.bak379 already exists, incrementing by 1... (see maxNumberOfBackUps and onlyOneBackUp)
       ./chapter5.bak380 already exists, incrementing by 1... (see maxNumberOfBackUps and onlyOneBackUp)
       ./chapter5.bak381 already exists, incrementing by 1... (see maxNumberOfBackUps and onlyOneBackUp)
       ./chapter5.bak382 already exists, incrementing by 1... (see maxNumberOfBackUps and onlyOneBackUp)
       ./chapter5.bak383 already exists, incrementing by 1... (see maxNumberOfBackUps and onlyOneBackUp)
       ./chapter5.bak384 already exists, incrementing by 1... (see maxNumberOfBackUps and onlyOneBackUp)
       ./chapter5.bak385 already exists, incrementing by 1... (see maxNumberOfBackUps and onlyOneBackUp)
       ./chapter5.bak386 already exists, incrementing by 1... (see maxNumberOfBackUps and onlyOneBackUp)
       ./chapter5.bak387 already exists, incrementing by 1... (see maxNumberOfBackUps and onlyOneBackUp)
       ./chapter5.bak388 already exists, incrementing by 1... (see maxNumberOfBackUps and onlyOneBackUp)
       ./chapter5.bak389 already exists, incrementing by 1... (see maxNumberOfBackUps and onlyOneBackUp)
       ./chapter5.bak390 already exists, incrementing by 1... (see maxNumberOfBackUps and onlyOneBackUp)
       ./chapter5.bak391 already exists, incrementing by 1... (see maxNumberOfBackUps and onlyOneBackUp)
       ./chapter5.bak392 already exists, incrementing by 1... (see maxNumberOfBackUps and onlyOneBackUp)
       ./chapter5.bak393 already exists, incrementing by 1... (see maxNumberOfBackUps and onlyOneBackUp)
       ./chapter5.bak394 already exists, incrementing by 1... (see maxNumberOfBackUps and onlyOneBackUp)
       ./chapter5.bak395 already exists, incrementing by 1... (see maxNumberOfBackUps and onlyOneBackUp)
       ./chapter5.bak396 already exists, incrementing by 1... (see maxNumberOfBackUps and onlyOneBackUp)
       ./chapter5.bak397 already exists, incrementing by 1... (see maxNumberOfBackUps and onlyOneBackUp)
       ./chapter5.bak398 already exists, incrementing by 1... (see maxNumberOfBackUps and onlyOneBackUp)
       ./chapter5.bak399 already exists, incrementing by 1... (see maxNumberOfBackUps and onlyOneBackUp)
       ./chapter5.bak400 already exists, incrementing by 1... (see maxNumberOfBackUps and onlyOneBackUp)
       ./chapter5.bak401 already exists, incrementing by 1... (see maxNumberOfBackUps and onlyOneBackUp)
       ./chapter5.bak402 already exists, incrementing by 1... (see maxNumberOfBackUps and onlyOneBackUp)
       ./chapter5.bak403 already exists, incrementing by 1... (see maxNumberOfBackUps and onlyOneBackUp)
       ./chapter5.bak404 already exists, incrementing by 1... (see maxNumberOfBackUps and onlyOneBackUp)
       ./chapter5.bak405 already exists, incrementing by 1... (see maxNumberOfBackUps and onlyOneBackUp)
       ./chapter5.bak406 already exists, incrementing by 1... (see maxNumberOfBackUps and onlyOneBackUp)
       ./chapter5.bak407 already exists, incrementing by 1... (see maxNumberOfBackUps and onlyOneBackUp)
       ./chapter5.bak408 already exists, incrementing by 1... (see maxNumberOfBackUps and onlyOneBackUp)
       ./chapter5.bak409 already exists, incrementing by 1... (see maxNumberOfBackUps and onlyOneBackUp)
       ./chapter5.bak410 already exists, incrementing by 1... (see maxNumberOfBackUps and onlyOneBackUp)
       ./chapter5.bak411 already exists, incrementing by 1... (see maxNumberOfBackUps and onlyOneBackUp)
       ./chapter5.bak412 already exists, incrementing by 1... (see maxNumberOfBackUps and onlyOneBackUp)
       ./chapter5.bak413 already exists, incrementing by 1... (see maxNumberOfBackUps and onlyOneBackUp)
       ./chapter5.bak414 already exists, incrementing by 1... (see maxNumberOfBackUps and onlyOneBackUp)
       ./chapter5.bak415 already exists, incrementing by 1... (see maxNumberOfBackUps and onlyOneBackUp)
       ./chapter5.bak416 already exists, incrementing by 1... (see maxNumberOfBackUps and onlyOneBackUp)
       ./chapter5.bak417 already exists, incrementing by 1... (see maxNumberOfBackUps and onlyOneBackUp)
       ./chapter5.bak418 already exists, incrementing by 1... (see maxNumberOfBackUps and onlyOneBackUp)
       ./chapter5.bak419 already exists, incrementing by 1... (see maxNumberOfBackUps and onlyOneBackUp)
       ./chapter5.bak420 already exists, incrementing by 1... (see maxNumberOfBackUps and onlyOneBackUp)
       ./chapter5.bak421 already exists, incrementing by 1... (see maxNumberOfBackUps and onlyOneBackUp)
       ./chapter5.bak422 already exists, incrementing by 1... (see maxNumberOfBackUps and onlyOneBackUp)
       ./chapter5.bak423 already exists, incrementing by 1... (see maxNumberOfBackUps and onlyOneBackUp)
       ./chapter5.bak424 already exists, incrementing by 1... (see maxNumberOfBackUps and onlyOneBackUp)
       ./chapter5.bak425 already exists, incrementing by 1... (see maxNumberOfBackUps and onlyOneBackUp)
       ./chapter5.bak426 already exists, incrementing by 1... (see maxNumberOfBackUps and onlyOneBackUp)
       ./chapter5.bak427 already exists, incrementing by 1... (see maxNumberOfBackUps and onlyOneBackUp)
       ./chapter5.bak428 already exists, incrementing by 1... (see maxNumberOfBackUps and onlyOneBackUp)
       ./chapter5.bak429 already exists, incrementing by 1... (see maxNumberOfBackUps and onlyOneBackUp)
       ./chapter5.bak430 already exists, incrementing by 1... (see maxNumberOfBackUps and onlyOneBackUp)
       ./chapter5.bak431 already exists, incrementing by 1... (see maxNumberOfBackUps and onlyOneBackUp)
       ./chapter5.bak432 already exists, incrementing by 1... (see maxNumberOfBackUps and onlyOneBackUp)
       ./chapter5.bak433 already exists, incrementing by 1... (see maxNumberOfBackUps and onlyOneBackUp)
       ./chapter5.bak434 already exists, incrementing by 1... (see maxNumberOfBackUps and onlyOneBackUp)
       ./chapter5.bak435 already exists, incrementing by 1... (see maxNumberOfBackUps and onlyOneBackUp)
       ./chapter5.bak436 already exists, incrementing by 1... (see maxNumberOfBackUps and onlyOneBackUp)
       ./chapter5.bak437 already exists, incrementing by 1... (see maxNumberOfBackUps and onlyOneBackUp)
       ./chapter5.bak438 already exists, incrementing by 1... (see maxNumberOfBackUps and onlyOneBackUp)
       ./chapter5.bak439 already exists, incrementing by 1... (see maxNumberOfBackUps and onlyOneBackUp)
       ./chapter5.bak440 already exists, incrementing by 1... (see maxNumberOfBackUps and onlyOneBackUp)
       ./chapter5.bak441 already exists, incrementing by 1... (see maxNumberOfBackUps and onlyOneBackUp)
       ./chapter5.bak442 already exists, incrementing by 1... (see maxNumberOfBackUps and onlyOneBackUp)
       ./chapter5.bak443 already exists, incrementing by 1... (see maxNumberOfBackUps and onlyOneBackUp)
       copying chapter5.tex to ./chapter5.bak444
       Backup file: ./chapter5.bak444
       chapter5.tex will be overwritten after indentation
INFO:  Phase 1: searching for objects
INFO:  Phase 2: finding surrounding indentation
INFO:  Phase 3: indenting objects
INFO:  Phase 4: final indentation check
INFO:  Output routine:
       Overwriting file chapter5.tex
       --------------
INFO:  Please direct all communication/issues to:
        https://github.com/cmhughes/latexindent.pl
